# JRE version: OpenJDK Runtime Environment Temurin-11.0.12+7 (11.0.12+7) (build 11.0.12+7)
# Java VM: OpenJDK 64-Bit Server VM Temurin-11.0.12+7 (11.0.12+7, mixed mode, tiered, compressed oops, g1 gc, linux-amd64)
Heap:
 garbage-first heap   total 95232K, used 41065K [0x00000000e0000000, 0x0000000100000000)
  region size 1024K, 4 young (4096K), 1 survivors (1024K)
 Metaspace       used 21317K, capacity 21673K, committed 21888K, reserved 1069056K
  class space    used 2164K, capacity 2319K, committed 2432K, reserved 1048576K
GC Heap History (20 events):
Event: 0.600 GC heap before
{Heap before GC invocations=0 (full 0):
 garbage-first heap   total 65536K, used 24576K [0x00000000e0000000, 0x0000000100000000)
  region size 1024K, 24 young (24576K), 0 survivors (0K)
 Metaspace       used 13078K, capacity 13282K, committed 13440K, reserved 1060864K
  class space    used 1263K, capacity 1317K, committed 1408K, reserved 1048576K
}
Event: 0.606 GC heap after
{Heap after GC invocations=1 (full 0):
 garbage-first heap   total 65536K, used 6680K [0x00000000e0000000, 0x0000000100000000)
  region size 1024K, 3 young (3072K), 3 survivors (3072K)
 Metaspace       used 13078K, capacity 13282K, committed 13440K, reserved 1060864K
  class space    used 1263K, capacity 1317K, committed 1408K, reserved 1048576K
}
Event: 1.065 GC heap before
{Heap before GC invocations=1 (full 0):
 garbage-first heap   total 65536K, used 33304K [0x00000000e0000000, 0x0000000100000000)
  region size 1024K, 29 young (29696K), 3 survivors (3072K)
 Metaspace       used 19102K, capacity 19442K, committed 19584K, reserved 1067008K
  class space    used 1938K, capacity 2075K, committed 2176K, reserved 1048576K
}
Event: 1.078 GC heap after
{Heap after GC invocations=2 (full 0):
 garbage-first heap   total 65536K, used 13879K [0x00000000e0000000, 0x0000000100000000)
  region size 1024K, 4 young (4096K), 4 survivors (4096K)
 Metaspace       used 19102K, capacity 19442K, committed 19584K, reserved 1067008K
  class space    used 1938K, capacity 2075K, committed 2176K, reserved 1048576K
}
Event: 1.408 GC heap before
{Heap before GC invocations=2 (full 0):
 garbage-first heap   total 65536K, used 35383K [0x00000000e0000000, 0x0000000100000000)
  region size 1024K, 25 young (25600K), 4 survivors (4096K)
 Metaspace       used 20352K, capacity 20713K, committed 20992K, reserved 1069056K
  class space    used 2041K, capacity 2215K, committed 2304K, reserved 1048576K
}
Event: 1.420 GC heap after
{Heap after GC invocations=3 (full 0):
 garbage-first heap   total 65536K, used 16808K [0x00000000e0000000, 0x0000000100000000)
  region size 1024K, 3 young (3072K), 3 survivors (3072K)
 Metaspace       used 20352K, capacity 20713K, committed 20992K, reserved 1069056K
  class space    used 2041K, capacity 2215K, committed 2304K, reserved 1048576K
}
Event: 1.618 GC heap before
{Heap before GC invocations=3 (full 0):
 garbage-first heap   total 65536K, used 38312K [0x00000000e0000000, 0x0000000100000000)
  region size 1024K, 24 young (24576K), 3 survivors (3072K)
 Metaspace       used 20469K, capacity 20786K, committed 20992K, reserved 1069056K
  class space    used 2046K, capacity 2217K, committed 2304K, reserved 1048576K
}
Event: 1.627 GC heap after
{Heap after GC invocations=4 (full 0):
 garbage-first heap   total 65536K, used 19948K [0x00000000e0000000, 0x0000000100000000)
  region size 1024K, 3 young (3072K), 3 survivors (3072K)
 Metaspace       used 20469K, capacity 20786K, committed 20992K, reserved 1069056K
  class space    used 2046K, capacity 2217K, committed 2304K, reserved 1048576K
}
Event: 1.760 GC heap before
{Heap before GC invocations=4 (full 0):
 garbage-first heap   total 65536K, used 41452K [0x00000000e0000000, 0x0000000100000000)
  region size 1024K, 24 young (24576K), 3 survivors (3072K)
 Metaspace       used 20524K, capacity 20915K, committed 21248K, reserved 1069056K
  class space    used 2051K, capacity 2217K, committed 2304K, reserved 1048576K
}
Event: 1.767 GC heap after
{Heap after GC invocations=5 (full 0):
 garbage-first heap   total 65536K, used 22863K [0x00000000e0000000, 0x0000000100000000)
  region size 1024K, 3 young (3072K), 3 survivors (3072K)
 Metaspace       used 20524K, capacity 20915K, committed 21248K, reserved 1069056K
  class space    used 2051K, capacity 2217K, committed 2304K, reserved 1048576K
}
Event: 1.894 GC heap before
{Heap before GC invocations=5 (full 0):
 garbage-first heap   total 65536K, used 47439K [0x00000000e0000000, 0x0000000100000000)
  region size 1024K, 24 young (24576K), 3 survivors (3072K)
 Metaspace       used 20770K, capacity 21139K, committed 21248K, reserved 1069056K
  class space    used 2082K, capacity 2249K, committed 2304K, reserved 1048576K
}
Event: 1.901 GC heap after
{Heap after GC invocations=6 (full 0):
 garbage-first heap   total 78848K, used 26890K [0x00000000e0000000, 0x0000000100000000)
  region size 1024K, 3 young (3072K), 3 survivors (3072K)
 Metaspace       used 20770K, capacity 21139K, committed 21248K, reserved 1069056K
  class space    used 2082K, capacity 2249K, committed 2304K, reserved 1048576K
}
Event: 2.044 GC heap before
{Heap before GC invocations=6 (full 0):
 garbage-first heap   total 78848K, used 52490K [0x00000000e0000000, 0x0000000100000000)
  region size 1024K, 28 young (28672K), 3 survivors (3072K)
 Metaspace       used 20774K, capacity 21142K, committed 21248K, reserved 1069056K
  class space    used 2083K, capacity 2250K, committed 2304K, reserved 1048576K
}
Event: 2.053 GC heap after
{Heap after GC invocations=7 (full 0):
 garbage-first heap   total 78848K, used 30446K [0x00000000e0000000, 0x0000000100000000)
  region size 1024K, 4 young (4096K), 4 survivors (4096K)
 Metaspace       used 20774K, capacity 21142K, committed 21248K, reserved 1069056K
  class space    used 2083K, capacity 2250K, committed 2304K, reserved 1048576K
}
Event: 2.168 GC heap before
{Heap before GC invocations=7 (full 0):
 garbage-first heap   total 78848K, used 55022K [0x00000000e0000000, 0x0000000100000000)
  region size 1024K, 28 young (28672K), 4 survivors (4096K)
 Metaspace       used 20777K, capacity 21142K, committed 21248K, reserved 1069056K
  class space    used 2083K, capacity 2250K, committed 2304K, reserved 1048576K
}
Event: 2.178 GC heap after
{Heap after GC invocations=8 (full 0):
 garbage-first heap   total 78848K, used 33510K [0x00000000e0000000, 0x0000000100000000)
  region size 1024K, 3 young (3072K), 3 survivors (3072K)
 Metaspace       used 20777K, capacity 21142K, committed 21248K, reserved 1069056K
  class space    used 2083K, capacity 2250K, committed 2304K, reserved 1048576K
}
Event: 2.285 GC heap before
{Heap before GC invocations=8 (full 0):
 garbage-first heap   total 78848K, used 51942K [0x00000000e0000000, 0x0000000100000000)
  region size 1024K, 22 young (22528K), 3 survivors (3072K)
 Metaspace       used 20840K, capacity 21148K, committed 21248K, reserved 1069056K
  class space    used 2093K, capacity 2251K, committed 2304K, reserved 1048576K
}
Event: 2.292 GC heap after
{Heap after GC invocations=9 (full 0):
 garbage-first heap   total 78848K, used 36627K [0x00000000e0000000, 0x0000000100000000)
  region size 1024K, 3 young (3072K), 3 survivors (3072K)
 Metaspace       used 20840K, capacity 21148K, committed 21248K, reserved 1069056K
  class space    used 2093K, capacity 2251K, committed 2304K, reserved 1048576K
}
Event: 2.479 GC heap before
{Heap before GC invocations=10 (full 0):
 garbage-first heap   total 78848K, used 57107K [0x00000000e0000000, 0x0000000100000000)
  region size 1024K, 24 young (24576K), 3 survivors (3072K)
 Metaspace       used 21316K, capacity 21673K, committed 21888K, reserved 1069056K
  class space    used 2164K, capacity 2319K, committed 2432K, reserved 1048576K
}
Event: 2.487 GC heap after
{Heap after GC invocations=11 (full 0):
 garbage-first heap   total 95232K, used 39470K [0x00000000e0000000, 0x0000000100000000)
  region size 1024K, 3 young (3072K), 3 survivors (3072K)
 Metaspace       used 21316K, capacity 21673K, committed 21888K, reserved 1069056K
  class space    used 2164K, capacity 2319K, committed 2432K, reserved 1048576K
}

